# JRE version: OpenJDK Runtime Environment Temurin-17.0.7+7 (17.0.7+7) (build 17.0.7+7)
# Java VM: OpenJDK 64-Bit Server VM Temurin-17.0.7+7 (17.0.7+7, mixed mode, sharing, tiered, compressed oops, compressed class ptrs, g1 gc, linux-amd64)
GC Precious Log:
 CPUs: 16 total, 16 available
 Memory: 7614M
 Large Page Support: Disabled
 NUMA Support: Disabled
 Compressed Oops: Enabled (32-bit)
 Heap Region Size: 1M
 Heap Min Capacity: 8M
 Heap Initial Capacity: 120M
 Heap Max Capacity: 1904M
 Pre-touch: Disabled
 Parallel Workers: 13
 Concurrent Workers: 3
 Concurrent Refinement Workers: 13
 Periodic GC: Disabled
Heap:
 garbage-first heap   total 368640K, used 222244K [0x0000000089000000, 0x0000000100000000)
  region size 1024K, 86 young (88064K), 3 survivors (3072K)
 Metaspace       used 23643K, committed 24000K, reserved 1114112K
  class space    used 2559K, committed 2752K, reserved 1048576K
GC Heap History (20 events):
Event: 5.104 GC heap before
{Heap before GC invocations=7 (full 0):
 garbage-first heap   total 150528K, used 62432K [0x0000000089000000, 0x0000000100000000)
  region size 1024K, 13 young (13312K), 5 survivors (5120K)
 Metaspace       used 21230K, committed 21504K, reserved 1114112K
  class space    used 2339K, committed 2496K, reserved 1048576K
}
Event: 5.109 GC heap after
{Heap after GC invocations=8 (full 0):
 garbage-first heap   total 150528K, used 56523K [0x0000000089000000, 0x0000000100000000)
  region size 1024K, 2 young (2048K), 2 survivors (2048K)
 Metaspace       used 21230K, committed 21504K, reserved 1114112K
  class space    used 2339K, committed 2496K, reserved 1048576K
}
Event: 5.509 GC heap before
{Heap before GC invocations=9 (full 0):
 garbage-first heap   total 150528K, used 111819K [0x0000000089000000, 0x0000000100000000)
  region size 1024K, 50 young (51200K), 2 survivors (2048K)
 Metaspace       used 21748K, committed 22144K, reserved 1114112K
  class space    used 2391K, committed 2560K, reserved 1048576K
}
Event: 5.516 GC heap after
{Heap after GC invocations=10 (full 0):
 garbage-first heap   total 150528K, used 73523K [0x0000000089000000, 0x0000000100000000)
  region size 1024K, 7 young (7168K), 7 survivors (7168K)
 Metaspace       used 21748K, committed 22144K, reserved 1114112K
  class space    used 2391K, committed 2560K, reserved 1048576K
}
Event: 5.799 GC heap before
{Heap before GC invocations=10 (full 0):
 garbage-first heap   total 150528K, used 111411K [0x0000000089000000, 0x0000000100000000)
  region size 1024K, 44 young (45056K), 7 survivors (7168K)
 Metaspace       used 21774K, committed 22144K, reserved 1114112K
  class space    used 2391K, committed 2560K, reserved 1048576K
}
Event: 5.808 GC heap after
{Heap after GC invocations=11 (full 0):
 garbage-first heap   total 184320K, used 80237K [0x0000000089000000, 0x0000000100000000)
  region size 1024K, 6 young (6144K), 6 survivors (6144K)
 Metaspace       used 21774K, committed 22144K, reserved 1114112K
  class space    used 2391K, committed 2560K, reserved 1048576K
}
Event: 6.018 GC heap before
{Heap before GC invocations=11 (full 0):
 garbage-first heap   total 184320K, used 132461K [0x0000000089000000, 0x0000000100000000)
  region size 1024K, 57 young (58368K), 6 survivors (6144K)
 Metaspace       used 21780K, committed 22144K, reserved 1114112K
  class space    used 2391K, committed 2560K, reserved 1048576K
}
Event: 6.030 GC heap after
{Heap after GC invocations=12 (full 0):
 garbage-first heap   total 184320K, used 94093K [0x0000000089000000, 0x0000000100000000)
  region size 1024K, 8 young (8192K), 8 survivors (8192K)
 Metaspace       used 21780K, committed 22144K, reserved 1114112K
  class space    used 2391K, committed 2560K, reserved 1048576K
}
Event: 6.193 GC heap before
{Heap before GC invocations=12 (full 0):
 garbage-first heap   total 184320K, used 130957K [0x0000000089000000, 0x0000000100000000)
  region size 1024K, 45 young (46080K), 8 survivors (8192K)
 Metaspace       used 22024K, committed 22336K, reserved 1114112K
  class space    used 2413K, committed 2560K, reserved 1048576K
}
Event: 6.199 GC heap after
{Heap after GC invocations=13 (full 0):
 garbage-first heap   total 184320K, used 99658K [0x0000000089000000, 0x0000000100000000)
  region size 1024K, 5 young (5120K), 5 survivors (5120K)
 Metaspace       used 22024K, committed 22336K, reserved 1114112K
  class space    used 2413K, committed 2560K, reserved 1048576K
}
Event: 6.824 GC heap before
{Heap before GC invocations=14 (full 0):
 garbage-first heap   total 184320K, used 132426K [0x0000000089000000, 0x0000000100000000)
  region size 1024K, 44 young (45056K), 5 survivors (5120K)
 Metaspace       used 22212K, committed 22464K, reserved 1114112K
  class space    used 2426K, committed 2560K, reserved 1048576K
}
Event: 6.834 GC heap after
{Heap after GC invocations=15 (full 0):
 garbage-first heap   total 184320K, used 109963K [0x0000000089000000, 0x0000000100000000)
  region size 1024K, 6 young (6144K), 6 survivors (6144K)
 Metaspace       used 22212K, committed 22464K, reserved 1114112K
  class space    used 2426K, committed 2560K, reserved 1048576K
}
Event: 6.841 GC heap before
{Heap before GC invocations=15 (full 0):
 garbage-first heap   total 184320K, used 113035K [0x0000000089000000, 0x0000000100000000)
  region size 1024K, 9 young (9216K), 6 survivors (6144K)
 Metaspace       used 22213K, committed 22464K, reserved 1114112K
  class space    used 2426K, committed 2560K, reserved 1048576K
}
Event: 6.846 GC heap after
{Heap after GC invocations=16 (full 0):
 garbage-first heap   total 184320K, used 111067K [0x0000000089000000, 0x0000000100000000)
  region size 1024K, 2 young (2048K), 2 survivors (2048K)
 Metaspace       used 22213K, committed 22464K, reserved 1114112K
  class space    used 2426K, committed 2560K, reserved 1048576K
}
Event: 6.968 GC heap before
{Heap before GC invocations=16 (full 0):
 garbage-first heap   total 184320K, used 141787K [0x0000000089000000, 0x0000000100000000)
  region size 1024K, 32 young (32768K), 2 survivors (2048K)
 Metaspace       used 22308K, committed 22656K, reserved 1114112K
  class space    used 2438K, committed 2624K, reserved 1048576K
}
Event: 6.979 GC heap after
{Heap after GC invocations=17 (full 0):
 garbage-first heap   total 368640K, used 119474K [0x0000000089000000, 0x0000000100000000)
  region size 1024K, 4 young (4096K), 4 survivors (4096K)
 Metaspace       used 22308K, committed 22656K, reserved 1114112K
  class space    used 2438K, committed 2624K, reserved 1048576K
}
Event: 8.112 GC heap before
{Heap before GC invocations=18 (full 0):
 garbage-first heap   total 368640K, used 231090K [0x0000000089000000, 0x0000000100000000)
  region size 1024K, 106 young (108544K), 4 survivors (4096K)
 Metaspace       used 23009K, committed 23360K, reserved 1114112K
  class space    used 2494K, committed 2688K, reserved 1048576K
}
Event: 8.140 GC heap after
{Heap after GC invocations=19 (full 0):
 garbage-first heap   total 368640K, used 141699K [0x0000000089000000, 0x0000000100000000)
  region size 1024K, 14 young (14336K), 14 survivors (14336K)
 Metaspace       used 23009K, committed 23360K, reserved 1114112K
  class space    used 2494K, committed 2688K, reserved 1048576K
}
Event: 8.147 GC heap before
{Heap before GC invocations=19 (full 0):
 garbage-first heap   total 368640K, used 145795K [0x0000000089000000, 0x0000000100000000)
  region size 1024K, 18 young (18432K), 14 survivors (14336K)
 Metaspace       used 23014K, committed 23360K, reserved 1114112K
  class space    used 2494K, committed 2688K, reserved 1048576K
}
Event: 8.152 GC heap after
{Heap after GC invocations=20 (full 0):
 garbage-first heap   total 368640K, used 134180K [0x0000000089000000, 0x0000000100000000)
  region size 1024K, 3 young (3072K), 3 survivors (3072K)
 Metaspace       used 23014K, committed 23360K, reserved 1114112K
  class space    used 2494K, committed 2688K, reserved 1048576K
}

